Started POST "/identify_prime_numbers" for 127.0.0.1 at 2019-12-03 17:01:28 -0300
Processing by VerificationsController#prime_numbers as */*
  Parameters: {"data"=>{"values"=>"5,6,9,11,12"}, "verification"=>{"data"=>{"values"=>"5,6,9,11,12"}}}
Completed 400 Bad Request in 1ms (Allocations: 170)


  
ActionController::ParameterMissing (param is missing or the value is empty: values):
  
app/controllers/verifications_controller.rb:24:in `profile_params'
app/controllers/verifications_controller.rb:15:in `response_body'
app/controllers/verifications_controller.rb:3:in `prime_numbers'
Started POST "/identify_prime_numbers" for 127.0.0.1 at 2019-12-03 17:03:18 -0300
Processing by VerificationsController#prime_numbers as */*
  Parameters: {"data"=>{"values"=>"5,6,9,11,12"}, "verification"=>{"data"=>{"values"=>"5,6,9,11,12"}}}
Completed 400 Bad Request in 1ms (Allocations: 122)


  
ActionController::ParameterMissing (param is missing or the value is empty: values):
  
app/controllers/verifications_controller.rb:24:in `profile_params'
app/controllers/verifications_controller.rb:15:in `response_body'
app/controllers/verifications_controller.rb:3:in `prime_numbers'
Started POST "/identify_prime_numbers" for 127.0.0.1 at 2019-12-03 17:03:47 -0300
Processing by VerificationsController#prime_numbers as */*
  Parameters: {"values"=>"5,6,9,11,12", "verification"=>{"values"=>"5,6,9,11,12"}}
Completed 500 Internal Server Error in 12ms (Allocations: 997)


  
NoMethodError (undefined method `fetch' for "5,6,9,11,12":String):
  
app/controllers/verifications_controller.rb:15:in `response_body'
app/controllers/verifications_controller.rb:3:in `prime_numbers'
Started POST "/identify_prime_numbers" for 127.0.0.1 at 2019-12-03 17:07:48 -0300
Processing by VerificationsController#prime_numbers as */*
  Parameters: {"values"=>"5,6,9,11,12", "verification"=>{"values"=>"5,6,9,11,12"}}
[31mUnpermitted parameter: :verification[0m
[31mUnpermitted parameter: :verification[0m
[31mUnpermitted parameter: :verification[0m
[31mUnpermitted parameter: :verification[0m
Completed 500 Internal Server Error in 25ms (Allocations: 391)


  
AbstractController::DoubleRenderError (Render and/or redirect were called multiple times in this action. Please note that you may only call render OR redirect, and at most once per action. Also note that neither redirect nor render terminate execution of the action, so if you want to exit an action after redirecting, you need to do something like "redirect_to(...) and return".):
  
app/controllers/verifications_controller.rb:3:in `prime_numbers'
Started POST "/identify_prime_numbers" for 127.0.0.1 at 2019-12-03 17:08:10 -0300
Processing by VerificationsController#prime_numbers as */*
  Parameters: {"values"=>"5,6,9,11,12", "verification"=>{"values"=>"5,6,9,11,12"}}
[31mUnpermitted parameter: :verification[0m
[31mUnpermitted parameter: :verification[0m
[31mUnpermitted parameter: :verification[0m
[31mUnpermitted parameter: :verification[0m
Completed 500 Internal Server Error in 16ms (Allocations: 417)


  
AbstractController::DoubleRenderError (Render and/or redirect were called multiple times in this action. Please note that you may only call render OR redirect, and at most once per action. Also note that neither redirect nor render terminate execution of the action, so if you want to exit an action after redirecting, you need to do something like "redirect_to(...) and return".):
  
app/controllers/verifications_controller.rb:3:in `prime_numbers'
Started POST "/identify_prime_numbers" for 127.0.0.1 at 2019-12-03 17:09:54 -0300
Processing by VerificationsController#prime_numbers as */*
  Parameters: {"data"=>{"values"=>"5,6,9,11,12"}, "verification"=>{"data"=>{"values"=>"5,6,9,11,12"}}}
Completed 500 Internal Server Error in 1ms (Allocations: 301)


  
AbstractController::DoubleRenderError (Render and/or redirect were called multiple times in this action. Please note that you may only call render OR redirect, and at most once per action. Also note that neither redirect nor render terminate execution of the action, so if you want to exit an action after redirecting, you need to do something like "redirect_to(...) and return".):
  
app/controllers/verifications_controller.rb:3:in `prime_numbers'
Started POST "/identify_prime_numbers" for 127.0.0.1 at 2019-12-03 17:12:31 -0300
Processing by VerificationsController#prime_numbers as */*
  Parameters: {"data"=>{"values"=>"5,6,9,11,12"}, "verification"=>{"data"=>{"values"=>"5,6,9,11,12"}}}
Completed 500 Internal Server Error in 1ms (Allocations: 287)


  
AbstractController::DoubleRenderError (Render and/or redirect were called multiple times in this action. Please note that you may only call render OR redirect, and at most once per action. Also note that neither redirect nor render terminate execution of the action, so if you want to exit an action after redirecting, you need to do something like "redirect_to(...) and return".):
  
app/controllers/verifications_controller.rb:3:in `prime_numbers'
Started POST "/identify_prime_numbers" for 127.0.0.1 at 2019-12-03 17:17:14 -0300
Processing by VerificationsController#prime_numbers as */*
  Parameters: {"data"=>{"values"=>"5,6,9,11,12"}, "verification"=>{"data"=>{"values"=>"5,6,9,11,12"}}}
Completed 500 Internal Server Error in 1ms (Allocations: 285)


  
AbstractController::DoubleRenderError (Render and/or redirect were called multiple times in this action. Please note that you may only call render OR redirect, and at most once per action. Also note that neither redirect nor render terminate execution of the action, so if you want to exit an action after redirecting, you need to do something like "redirect_to(...) and return".):
  
app/controllers/verifications_controller.rb:3:in `prime_numbers'
Started POST "/identify_prime_numbers" for 127.0.0.1 at 2019-12-03 17:31:20 -0300
Processing by VerificationsController#prime_numbers as */*
  Parameters: {"data"=>{"values"=>"5,6,9,11,12"}, "verification"=>{"data"=>{"values"=>"5,6,9,11,12"}}}
[31mUnpermitted parameters: :data, :verification[0m
Completed 400 Bad Request in 12ms (Allocations: 227)


  
ActionController::ParameterMissing (param is missing or the value is empty: values):
  
app/controllers/verifications_controller.rb:15:in `response_body'
app/controllers/verifications_controller.rb:3:in `prime_numbers'
Started POST "/identify_prime_numbers" for 127.0.0.1 at 2019-12-03 17:32:08 -0300
Processing by VerificationsController#prime_numbers as */*
  Parameters: {"values"=>"5,6,9,11,12", "verification"=>{"values"=>"5,6,9,11,12"}}
[31mUnpermitted parameter: :verification[0m
[31mUnpermitted parameter: :verification[0m
[31mUnpermitted parameter: :verification[0m
[31mUnpermitted parameter: :verification[0m
Completed 500 Internal Server Error in 20ms (Allocations: 417)


  
AbstractController::DoubleRenderError (Render and/or redirect were called multiple times in this action. Please note that you may only call render OR redirect, and at most once per action. Also note that neither redirect nor render terminate execution of the action, so if you want to exit an action after redirecting, you need to do something like "redirect_to(...) and return".):
  
app/controllers/verifications_controller.rb:3:in `prime_numbers'
Started POST "/identify_prime_numbers" for 127.0.0.1 at 2019-12-03 17:45:46 -0300
Processing by VerificationsController#prime_numbers as */*
  Parameters: {"values"=>"5,6,9,11,12", "verification"=>{"values"=>"5,6,9,11,12"}}
[31mUnpermitted parameter: :verification[0m
[31mUnpermitted parameter: :verification[0m
Completed 500 Internal Server Error in 12ms (Allocations: 283)


  
TypeError (no implicit conversion of Array into String):
  
app/controllers/verifications_controller.rb:9:in `identify_prime_numbers'
app/controllers/verifications_controller.rb:18:in `response_body'
app/controllers/verifications_controller.rb:3:in `prime_numbers'
Started POST "/identify_prime_numbers" for 127.0.0.1 at 2019-12-03 17:54:30 -0300
Processing by VerificationsController#prime_numbers as */*
  Parameters: {"values"=>"5,6,9,11,12", "verification"=>{"values"=>"5,6,9,11,12"}}
[31mUnpermitted parameter: :verification[0m
[31mUnpermitted parameter: :verification[0m
[31mUnpermitted parameter: :verification[0m
[31mUnpermitted parameter: :verification[0m
Completed 500 Internal Server Error in 17ms (Allocations: 429)


  
AbstractController::DoubleRenderError (Render and/or redirect were called multiple times in this action. Please note that you may only call render OR redirect, and at most once per action. Also note that neither redirect nor render terminate execution of the action, so if you want to exit an action after redirecting, you need to do something like "redirect_to(...) and return".):
  
app/controllers/verifications_controller.rb:3:in `prime_numbers'
Started POST "/identify_prime_numbers" for 127.0.0.1 at 2019-12-03 17:55:34 -0300
Processing by VerificationsController#prime_numbers as */*
  Parameters: {"values"=>"5,6,9,11,12", "verification"=>{"values"=>"5,6,9,11,12"}}
[31mUnpermitted parameter: :verification[0m
[31mUnpermitted parameter: :verification[0m
[31mUnpermitted parameter: :verification[0m
[31mUnpermitted parameter: :verification[0m
Completed 500 Internal Server Error in 18ms (Allocations: 668)


  
AbstractController::DoubleRenderError (Render and/or redirect were called multiple times in this action. Please note that you may only call render OR redirect, and at most once per action. Also note that neither redirect nor render terminate execution of the action, so if you want to exit an action after redirecting, you need to do something like "redirect_to(...) and return".):
  
app/controllers/verifications_controller.rb:3:in `prime_numbers'
Started POST "/identify_prime_numbers" for 127.0.0.1 at 2019-12-03 17:58:03 -0300
Processing by VerificationsController#prime_numbers as */*
  Parameters: {"values"=>"5,6,9,11,12", "verification"=>{"values"=>"5,6,9,11,12"}}
[31mUnpermitted parameter: :verification[0m
[31mUnpermitted parameter: :verification[0m
[31mUnpermitted parameter: :verification[0m
[31mUnpermitted parameter: :verification[0m
Completed 500 Internal Server Error in 29ms (Allocations: 671)


  
AbstractController::DoubleRenderError (Render and/or redirect were called multiple times in this action. Please note that you may only call render OR redirect, and at most once per action. Also note that neither redirect nor render terminate execution of the action, so if you want to exit an action after redirecting, you need to do something like "redirect_to(...) and return".):
  
app/controllers/verifications_controller.rb:3:in `prime_numbers'
Started POST "/identify_prime_numbers" for 127.0.0.1 at 2019-12-03 18:00:18 -0300
Processing by VerificationsController#prime_numbers as */*
  Parameters: {"values"=>"5,6,9,11,12", "verification"=>{"values"=>"5,6,9,11,12"}}
[31mUnpermitted parameter: :verification[0m
[31mUnpermitted parameter: :verification[0m
[31mUnpermitted parameter: :verification[0m
[31mUnpermitted parameter: :verification[0m
Completed 500 Internal Server Error in 20ms (Allocations: 673)


  
AbstractController::DoubleRenderError (Render and/or redirect were called multiple times in this action. Please note that you may only call render OR redirect, and at most once per action. Also note that neither redirect nor render terminate execution of the action, so if you want to exit an action after redirecting, you need to do something like "redirect_to(...) and return".):
  
app/controllers/verifications_controller.rb:3:in `prime_numbers'
Started POST "/identify_prime_numbers" for 127.0.0.1 at 2019-12-03 18:02:52 -0300
Processing by VerificationsController#prime_numbers as */*
  Parameters: {"values"=>"5,6,9,11,12", "verification"=>{"values"=>"5,6,9,11,12"}}
[31mUnpermitted parameter: :verification[0m
[31mUnpermitted parameter: :verification[0m
[31mUnpermitted parameter: :verification[0m
[31mUnpermitted parameter: :verification[0m
Completed 500 Internal Server Error in 27ms (Allocations: 673)


  
AbstractController::DoubleRenderError (Render and/or redirect were called multiple times in this action. Please note that you may only call render OR redirect, and at most once per action. Also note that neither redirect nor render terminate execution of the action, so if you want to exit an action after redirecting, you need to do something like "redirect_to(...) and return".):
  
app/controllers/verifications_controller.rb:3:in `prime_numbers'
Started POST "/identify_prime_numbers" for 127.0.0.1 at 2019-12-03 18:04:15 -0300
Processing by VerificationsController#prime_numbers as */*
  Parameters: {"values"=>"5,6,9,11,12", "verification"=>{"values"=>"5,6,9,11,12"}}
[31mUnpermitted parameter: :verification[0m
[31mUnpermitted parameter: :verification[0m
[31mUnpermitted parameter: :verification[0m
[31mUnpermitted parameter: :verification[0m
Completed 500 Internal Server Error in 20ms (Allocations: 695)


  
AbstractController::DoubleRenderError (Render and/or redirect were called multiple times in this action. Please note that you may only call render OR redirect, and at most once per action. Also note that neither redirect nor render terminate execution of the action, so if you want to exit an action after redirecting, you need to do something like "redirect_to(...) and return".):
  
app/controllers/verifications_controller.rb:3:in `prime_numbers'
Started POST "/identify_prime_numbers" for 127.0.0.1 at 2019-12-03 18:11:05 -0300
Processing by VerificationsController#prime_numbers as */*
  Parameters: {"values"=>"5,6,9,11,12", "verification"=>{"values"=>"5,6,9,11,12"}}
[31mUnpermitted parameter: :verification[0m
[31mUnpermitted parameter: :verification[0m
Completed 500 Internal Server Error in 11ms (Allocations: 287)


  
AbstractController::DoubleRenderError (Render and/or redirect were called multiple times in this action. Please note that you may only call render OR redirect, and at most once per action. Also note that neither redirect nor render terminate execution of the action, so if you want to exit an action after redirecting, you need to do something like "redirect_to(...) and return".):
  
app/controllers/verifications_controller.rb:3:in `prime_numbers'
Started POST "/identify_prime_numbers" for 127.0.0.1 at 2019-12-03 18:14:10 -0300
Processing by VerificationsController#prime_numbers as */*
  Parameters: {"values"=>"5,6,9,11,12", "verification"=>{"values"=>"5,6,9,11,12"}}
Completed 400 Bad Request in 1ms (Allocations: 162)


  
ActionController::ParameterMissing (param is missing or the value is empty: data):
  
app/controllers/verifications_controller.rb:24:in `profile_params'
app/controllers/verifications_controller.rb:15:in `response_body'
app/controllers/verifications_controller.rb:3:in `prime_numbers'
Started POST "/identify_prime_numbers" for 127.0.0.1 at 2019-12-03 18:14:29 -0300
Processing by VerificationsController#prime_numbers as */*
  Parameters: {"data"=>{"values"=>"5,6,9,11,12"}, "verification"=>{"data"=>{"values"=>"5,6,9,11,12"}}}
Completed 500 Internal Server Error in 11ms (Allocations: 192)


  
AbstractController::DoubleRenderError (Render and/or redirect were called multiple times in this action. Please note that you may only call render OR redirect, and at most once per action. Also note that neither redirect nor render terminate execution of the action, so if you want to exit an action after redirecting, you need to do something like "redirect_to(...) and return".):
  
app/controllers/verifications_controller.rb:3:in `prime_numbers'
Started POST "/identify_prime_numbers" for 127.0.0.1 at 2019-12-03 18:23:19 -0300
Processing by VerificationsController#prime_numbers as */*
  Parameters: {"values"=>"5,6,9,11,12", "verification"=>{"values"=>"5,6,9,11,12"}}
[31mUnpermitted parameter: :verification[0m
[31mUnpermitted parameter: :verification[0m
Completed 500 Internal Server Error in 7ms (Allocations: 311)


  
AbstractController::DoubleRenderError (Render and/or redirect were called multiple times in this action. Please note that you may only call render OR redirect, and at most once per action. Also note that neither redirect nor render terminate execution of the action, so if you want to exit an action after redirecting, you need to do something like "redirect_to(...) and return".):
  
app/controllers/verifications_controller.rb:3:in `prime_numbers'
Started POST "/identify_prime_numbers" for 127.0.0.1 at 2019-12-03 18:43:49 -0300
Processing by VerificationsController#prime_numbers as */*
  Parameters: {"values"=>"5,6,9,11,12", "verification"=>{"values"=>"5,6,9,11,12"}}
[31mUnpermitted parameter: :verification[0m
Completed 200 OK in 5ms (Views: 0.5ms | Allocations: 266)


Started POST "/identify_prime_numbers" for 127.0.0.1 at 2019-12-03 18:44:27 -0300
Processing by VerificationsController#prime_numbers as */*
  Parameters: {"values"=>"5,6,9,11,12", "verification"=>{"values"=>"5,6,9,11,12"}}
[31mUnpermitted parameter: :verification[0m
[31mUnpermitted parameter: :verification[0m
Completed 500 Internal Server Error in 33ms (Allocations: 1132)


  
NoMethodError (undefined method `to_json!' for #<Array:0x00005627a0ad7528>
Did you mean?  to_json):
  
app/controllers/verifications_controller.rb:9:in `get_results'
app/controllers/verifications_controller.rb:18:in `resp_body'
app/controllers/verifications_controller.rb:3:in `prime_numbers'
Started POST "/identify_prime_numbers" for 127.0.0.1 at 2019-12-03 18:44:53 -0300
Processing by VerificationsController#prime_numbers as */*
  Parameters: {"values"=>"5,6,9,11,12", "verification"=>{"values"=>"5,6,9,11,12"}}
[31mUnpermitted parameter: :verification[0m
[31mUnpermitted parameter: :verification[0m
Completed 200 OK in 15ms (Views: 0.5ms | Allocations: 428)


Started POST "/identify_prime_numbers" for 127.0.0.1 at 2019-12-03 23:00:55 -0300
Processing by VerificationsController#prime_numbers as */*
  Parameters: {"values"=>"5,6,9,11,12", "verification"=>{"values"=>"5,6,9,11,12"}}
[31mUnpermitted parameter: :verification[0m
[31mUnpermitted parameter: :verification[0m
Completed 200 OK in 11ms (Views: 0.5ms | Allocations: 409)


Started POST "/identify_prime_numbers" for 127.0.0.1 at 2019-12-03 23:19:10 -0300
Processing by VerificationsController#prime_numbers as */*
  Parameters: {"values"=>"5,6,9,11,12", "verification"=>{"values"=>"5,6,9,11,12"}}
[31mUnpermitted parameter: :verification[0m
[31mUnpermitted parameter: :verification[0m
Completed 200 OK in 20ms (Views: 6.1ms | Allocations: 475)


Started POST "/identify_prime_numbers" for 127.0.0.1 at 2019-12-03 23:31:38 -0300
Processing by VerificationsController#prime_numbers as */*
  Parameters: {"values"=>"5,6,9,11,12", "verification"=>{"values"=>"5,6,9,11,12"}}
[31mUnpermitted parameter: :verification[0m
[31mUnpermitted parameter: :verification[0m
Completed 200 OK in 4ms (Views: 0.5ms | Allocations: 456)


Started POST "/identify_prime_numbers" for 127.0.0.1 at 2019-12-03 23:56:40 -0300
Processing by VerificationsController#prime_numbers as */*
  Parameters: {"values"=>"5,6,9,11,12", "verification"=>{"values"=>"5,6,9,11,12"}}
[31mUnpermitted parameter: :verification[0m
[31mUnpermitted parameter: :verification[0m
Completed 200 OK in 18ms (Views: 2.4ms | Allocations: 456)


Started POST "/identify_prime_numbers" for 127.0.0.1 at 2019-12-04 00:00:03 -0300
Processing by VerificationsController#prime_numbers as */*
  Parameters: {"values"=>"5,6,9,11,12", "verification"=>{"values"=>"5,6,9,11,12"}}
[31mUnpermitted parameter: :verification[0m
[31mUnpermitted parameter: :verification[0m
Completed 200 OK in 29ms (Views: 20.8ms | Allocations: 549)


Started POST "/identify_prime_numbers" for ::1 at 2019-12-04 00:02:38 -0300
Processing by VerificationsController#prime_numbers as */*
  Parameters: {"values"=>"5,6,9,11,12", "verification"=>{"values"=>"5,6,9,11,12"}}
[31mUnpermitted parameter: :verification[0m
[31mUnpermitted parameter: :verification[0m
Completed 200 OK in 9ms (Views: 0.4ms | Allocations: 478)


Started POST "/identify_prime_numbers" for ::1 at 2019-12-04 00:03:23 -0300
Processing by VerificationsController#prime_numbers as */*
  Parameters: {"values"=>"5,6,9,11,12", "verification"=>{"values"=>"5,6,9,11,12"}}
[31mUnpermitted parameter: :verification[0m
[31mUnpermitted parameter: :verification[0m
Completed 200 OK in 7ms (Views: 3.9ms | Allocations: 374)


Started POST "/identify_prime_numbers" for ::1 at 2019-12-04 00:03:49 -0300
Processing by VerificationsController#prime_numbers as */*
  Parameters: {"values"=>"5,6,9,11,12", "verification"=>{"values"=>"5,6,9,11,12"}}
[31mUnpermitted parameter: :verification[0m
[31mUnpermitted parameter: :verification[0m
Completed 200 OK in 7ms (Views: 0.9ms | Allocations: 485)


